#
# A fatal error has been detected by the Java Runtime Environment:
#
#  SIGSEGV (0xb) at pc=0x0000000105f8ac08, pid=2430, tid=16643
#
# JRE version: Java(TM) SE Runtime Environment (7.0_51-b13) (build 1.7.0_51-b13)
# Java VM: Java HotSpot(TM) 64-Bit Server VM (24.51-b03 mixed mode bsd-amd64 compressed oops)
# Problematic frame:
# V  [libjvm.dylib+0x2adc08]  java_lang_String::length(oopDesc*)+0x54
#
# Failed to write core dump. Core dumps have been disabled. To enable core dumping, try "ulimit -c unlimited" before starting Java again
#
# If you would like to submit a bug report, please visit:
#   http://bugreport.sun.com/bugreport/crash.jsp
#

---------------  T H R E A D  ---------------

Current thread (0x00007fb881835000):  JavaThread "JDWP Transport Listener: dt_socket" daemon [_thread_in_vm, id=16643, stack(0x000000010fe0c000,0x000000010ff0c000)]

siginfo:si_signo=SIGSEGV: si_errno=0, si_code=1 (SEGV_MAPERR), si_addr=0x000000000000000c

Registers:
RAX=0x0000000000000000, RBX=0x00000007eab7e3b8, RCX=0x000000000000000c, RDX=0x0000000000000000
RSP=0x000000010ff0ba10, RBP=0x000000010ff0ba10, RSI=0x00007fb88161c508, RDI=0x00000007eab7e3b8
R8 =0x0000000000000000, R9 =0x00000000ffff8000, R10=0x0000000000000019, R11=0xffff80488e7fdba0
R12=0x00007fb881835000, R13=0x00007fb88170f310, R14=0x0000000000000000, R15=0x0000000000000000
RIP=0x0000000105f8ac08, EFLAGS=0x0000000000010202, ERR=0x0000000000000004
  TRAPNO=0x000000000000000e

Top of Stack: (sp=0x000000010ff0ba10)
0x000000010ff0ba10:   000000010ff0ba40 0000000105fba3ba
0x000000010ff0ba20:   0000000000000000 0000000000000000
0x000000010ff0ba30:   00000007eab7e3b8 00007fb8818351e8
0x000000010ff0ba40:   000000010ff0bab0 0000000105fe1c68
0x000000010ff0ba50:   00007fb881835000 00007fb881835000
0x000000010ff0ba60:   0000000000000000 0000000000000000
0x000000010ff0ba70:   00007fb8818351e8 00007fb881835000
0x000000010ff0ba80:   00007fb881835000 000000010ff0bb08
0x000000010ff0ba90:   00007fb88161c508 00007fb88170f310
0x000000010ff0baa0:   000000010ff0bc90 00007fb8818351e8
0x000000010ff0bab0:   000000010ff0bae0 000000010678c52e
0x000000010ff0bac0:   000000010ff0bc90 00000001067acdc0
0x000000010ff0bad0:   000000010ff0bb08 00000001067b8578
0x000000010ff0bae0:   000000010ff0bd00 00000001067936b2
0x000000010ff0baf0:   0000684500000013 0000000000010a00
0x000000010ff0bb00:   00007fb88170ded0 000000010ff0bb58
0x000000010ff0bb10:   00007fb80000012c 000000010ff0bb20
0x000000010ff0bb20:   00007fb800000000 000000010ff0bb58
0x000000010ff0bb30:   0000000000000000 00007f0000000000
0x000000010ff0bb40:   0000684500000018 00007fff0000c780
0x000000010ff0bb50:   000000010ff0bb58 0000005b01000000
0x000000010ff0bb60:   4200001400000000 000000000a000000
0x000000010ff0bb70:   c000000000000000 0400000000000000
0x000000010ff0bb80:   00000000090c0000 c100000009000000
0x000000010ff0bb90:   0d00000000000000 00000000c2000000
0x000000010ff0bba0:   c400000016000000 1a00000000000000
0x000000010ff0bbb0:   00000000c5000000 c800000023000000
0x000000010ff0bbc0:   2b00000000000000 00000000c9000000
0x000000010ff0bbd0:   cb00000036000000 4200000000000000
0x000000010ff0bbe0:   0000003ecc000000 56294949435b2807
0x000000010ff0bbf0:   0100000000000000 98b47081b87f0000
0x000000010ff0bc00:   696e693c06000000 5b28070000003e74 

Instructions: (pc=0x0000000105f8ac08)
0x0000000105f8abe8:   eb 16 48 8d 35 cf 29 4c 00 8a 4e 08 48 d3 e2 48
0x0000000105f8abf8:   03 16 eb 04 48 8b 14 0f 84 c0 0f 94 c0 0f b6 c0
0x0000000105f8ac08:   8b 44 82 0c 5d c3 8b 04 07 5d c3 90 55 48 89 e5
0x0000000105f8ac18:   f6 87 8d 00 00 00 02 75 04 31 ff eb 23 48 63 87 

Register to memory mapping:

RAX=0x0000000000000000 is an unknown value
RBX=0x00000007eab7e3b8 is an oop
java.lang.String 
 - klass: 'java/lang/String'
RCX=0x000000000000000c is an unknown value
RDX=0x0000000000000000 is an unknown value
RSP=0x000000010ff0ba10 is pointing into the stack for thread: 0x00007fb881835000
RBP=0x000000010ff0ba10 is pointing into the stack for thread: 0x00007fb881835000
RSI=0x00007fb88161c508 is a global jni handle
RDI=0x00000007eab7e3b8 is an oop
java.lang.String 
 - klass: 'java/lang/String'
R8 =0x0000000000000000 is an unknown value
R9 =0x00000000ffff8000 is an unknown value
R10=0x0000000000000019 is an unknown value
R11=0xffff80488e7fdba0 is an unknown value
R12=0x00007fb881835000 is a thread
R13=0x00007fb88170f310 is an unknown value
R14=0x0000000000000000 is an unknown value
R15=0x0000000000000000 is an unknown value


Stack: [0x000000010fe0c000,0x000000010ff0c000],  sp=0x000000010ff0ba10,  free space=1022k
Native frames: (J=compiled Java code, j=interpreted, Vv=VM code, C=native code)
V  [libjvm.dylib+0x2adc08]  java_lang_String::length(oopDesc*)+0x54
V  [libjvm.dylib+0x2dd3ba]  java_lang_String::utf8_length(oopDesc*)+0x38
V  [libjvm.dylib+0x304c68]  jni_GetStringUTFChars+0x71
C  [libjdwp.dylib+0x752e]  value+0x96
C  [libjdwp.dylib+0xe6b2]  debugLoop_run+0x1ce
C  [libjdwp.dylib+0x1f132]  attachThread+0x4d
V  [libjvm.dylib+0x373f9e]  JvmtiAgentThread::call_start_function()+0x38
V  [libjvm.dylib+0x4efb57]  JavaThread::thread_main_inner()+0x9b
V  [libjvm.dylib+0x4f125f]  JavaThread::run()+0x1a3
V  [libjvm.dylib+0x41b1d6]  java_start(Thread*)+0x126
C  [libsystem_pthread.dylib+0x405a]  _pthread_body+0x83
C  [libsystem_pthread.dylib+0x3fd7]  _pthread_body+0x0
C  [libsystem_pthread.dylib+0x13ed]  thread_start+0xd


---------------  P R O C E S S  ---------------

Java Threads: ( => current thread )
  0x00007fb88283e000 JavaThread "Service Thread" daemon [_thread_blocked, id=19203, stack(0x000000011031b000,0x000000011041b000)]
  0x00007fb88283d800 JavaThread "C2 CompilerThread1" daemon [_thread_blocked, id=18691, stack(0x0000000110218000,0x0000000110318000)]
  0x00007fb88300f000 JavaThread "C2 CompilerThread0" daemon [_thread_blocked, id=18179, stack(0x0000000110115000,0x0000000110215000)]
  0x00007fb88283c800 JavaThread "JDWP Command Reader" daemon [_thread_in_native, id=17667, stack(0x0000000110012000,0x0000000110112000)]
  0x00007fb88283c000 JavaThread "JDWP Event Helper Thread" daemon [_thread_blocked, id=17155, stack(0x000000010ff0f000,0x000000011000f000)]
=>0x00007fb881835000 JavaThread "JDWP Transport Listener: dt_socket" daemon [_thread_in_vm, id=16643, stack(0x000000010fe0c000,0x000000010ff0c000)]
  0x00007fb88300e800 JavaThread "Signal Dispatcher" daemon [_thread_blocked, id=13583, stack(0x000000010fd09000,0x000000010fe09000)]
  0x00007fb882823000 JavaThread "Finalizer" daemon [_thread_blocked, id=11523, stack(0x000000010e2ee000,0x000000010e3ee000)]
  0x00007fb882802000 JavaThread "Reference Handler" daemon [_thread_blocked, id=11011, stack(0x000000010e1eb000,0x000000010e2eb000)]
  0x00007fb882001000 JavaThread "main" [_thread_blocked, id=4867, stack(0x0000000107001000,0x0000000107101000)]

Other Threads:
  0x00007fb883008000 VMThread [stack: 0x000000010e0e8000,0x000000010e1e8000] [id=10499]
  0x00007fb882804000 WatcherThread [stack: 0x000000011041e000,0x000000011051e000] [id=19715]

VM state:not at safepoint (normal execution)

VM Mutex/Monitor currently owned by a thread: None

Heap
 PSYoungGen      total 19456K, used 1352K [0x00000007eaa80000, 0x00000007ec000000, 0x0000000800000000)
  eden space 16896K, 8% used [0x00000007eaa80000,0x00000007eabd2090,0x00000007ebb00000)
  from space 2560K, 0% used [0x00000007ebd80000,0x00000007ebd80000,0x00000007ec000000)
  to   space 2560K, 0% used [0x00000007ebb00000,0x00000007ebb00000,0x00000007ebd80000)
 ParOldGen       total 43520K, used 0K [0x00000007c0000000, 0x00000007c2a80000, 0x00000007eaa80000)
  object space 43520K, 0% used [0x00000007c0000000,0x00000007c0000000,0x00000007c2a80000)
 PSPermGen       total 21504K, used 2598K [0x00000007bae00000, 0x00000007bc300000, 0x00000007c0000000)
  object space 21504K, 12% used [0x00000007bae00000,0x00000007bb089a08,0x00000007bc300000)

Card table byte_map: [0x000000010a1c3000,0x000000010a3ed000] byte_map_base: 0x00000001063ec000

Polling page: 0x0000000106784000

Code Cache  [0x0000000107103000, 0x0000000107373000, 0x000000010a103000)
 total_blobs=175 nmethods=2 adapters=136 free_code_cache=48771Kb largest_free_block=49920256

Compilation events (4 events):
Event: 0.228 Thread 0x00007fb88300f000    1             java.lang.String::hashCode (55 bytes)
Event: 0.235 Thread 0x00007fb88283d800    2             java.lang.String::indexOf (70 bytes)
Event: 0.237 Thread 0x00007fb88300f000 nmethod 1 0x0000000107162990 code [0x0000000107162ae0, 0x0000000107162c98]
Event: 0.238 Thread 0x00007fb88283d800 nmethod 2 0x0000000107162550 code [0x00000001071626a0, 0x0000000107162888]

GC Heap History (0 events):
No events

Deoptimization events (0 events):
No events

Internal exceptions (10 events):
Event: 0.235 Thread 0x00007fb882001000 Threw 0x00000007eab66488 at /HUDSON/workspace/7u-2-build-macosx-x86_64/jdk7u51/527/hotspot/src/share/vm/prims/jni.cpp:717
Event: 0.235 Thread 0x00007fb882001000 Threw 0x00000007eab665a8 at /HUDSON/workspace/7u-2-build-macosx-x86_64/jdk7u51/527/hotspot/src/share/vm/prims/jvm.cpp:1244
Event: 0.235 Thread 0x00007fb882001000 Threw 0x00000007eab666d0 at /HUDSON/workspace/7u-2-build-macosx-x86_64/jdk7u51/527/hotspot/src/share/vm/prims/jvm.cpp:1244
Event: 0.237 Thread 0x00007fb882001000 Threw 0x00000007eab67370 at /HUDSON/workspace/7u-2-build-macosx-x86_64/jdk7u51/527/hotspot/src/share/vm/prims/jni.cpp:717
Event: 0.237 Thread 0x00007fb882001000 Threw 0x00000007eab67490 at /HUDSON/workspace/7u-2-build-macosx-x86_64/jdk7u51/527/hotspot/src/share/vm/prims/jvm.cpp:1244
Event: 0.237 Thread 0x00007fb882001000 Threw 0x00000007eab675b8 at /HUDSON/workspace/7u-2-build-macosx-x86_64/jdk7u51/527/hotspot/src/share/vm/prims/jvm.cpp:1244
Event: 0.239 Thread 0x00007fb882001000 Threw 0x00000007eab78ec8 at /HUDSON/workspace/7u-2-build-macosx-x86_64/jdk7u51/527/hotspot/src/share/vm/prims/jni.cpp:717
Event: 0.239 Thread 0x00007fb882001000 Threw 0x00000007eab78fe8 at /HUDSON/workspace/7u-2-build-macosx-x86_64/jdk7u51/527/hotspot/src/share/vm/prims/jvm.cpp:1244
Event: 0.239 Thread 0x00007fb882001000 Threw 0x00000007eab79110 at /HUDSON/workspace/7u-2-build-macosx-x86_64/jdk7u51/527/hotspot/src/share/vm/prims/jvm.cpp:1244
Event: 0.239 Thread 0x00007fb882001000 Threw 0x00000007eab79360 at /HUDSON/workspace/7u-2-build-macosx-x86_64/jdk7u51/527/hotspot/src/share/vm/prims/jvm.cpp:1244

Events (10 events):
Event: 62.852 loading class 0x000000010ce5a190
Event: 62.853 loading class 0x000000010ce59fb0
Event: 62.853 loading class 0x000000010ce59fb0 done
Event: 62.853 loading class 0x000000010ce5a190 done
Event: 63.071 Executing VM operation: GetOrSetLocal
Event: 63.071 Executing VM operation: GetOrSetLocal done
Event: 63.925 Executing VM operation: GetOrSetLocal
Event: 63.925 Executing VM operation: GetOrSetLocal done
Event: 63.926 Executing VM operation: GetOrSetLocal
Event: 63.926 Executing VM operation: GetOrSetLocal done


Dynamic libraries:
0x000000000bf08000 	/System/Library/Frameworks/Cocoa.framework/Versions/A/Cocoa
0x000000000bf08000 	/System/Library/Frameworks/Security.framework/Versions/A/Security
0x000000000bf08000 	/System/Library/Frameworks/ApplicationServices.framework/Versions/A/ApplicationServices
0x000000000bf08000 	/usr/lib/libz.1.dylib
0x000000000bf08000 	/usr/lib/libSystem.B.dylib
0x000000000bf08000 	/usr/lib/libobjc.A.dylib
0x000000000bf08000 	/System/Library/Frameworks/CoreFoundation.framework/Versions/A/CoreFoundation
0x000000000bf08000 	/System/Library/Frameworks/Foundation.framework/Versions/C/Foundation
0x000000000bf08000 	/System/Library/Frameworks/AppKit.framework/Versions/C/AppKit
0x000000000bf08000 	/System/Library/Frameworks/CoreData.framework/Versions/A/CoreData
0x000000000bf08000 	/System/Library/PrivateFrameworks/RemoteViewServices.framework/Versions/A/RemoteViewServices
0x000000000bf08000 	/System/Library/PrivateFrameworks/UIFoundation.framework/Versions/A/UIFoundation
0x000000000bf08000 	/System/Library/Frameworks/IOSurface.framework/Versions/A/IOSurface
0x000000000bf08000 	/System/Library/Frameworks/AudioToolbox.framework/Versions/A/AudioToolbox
0x000000000bf08000 	/System/Library/Frameworks/AudioUnit.framework/Versions/A/AudioUnit
0x000000000bf08000 	/System/Library/PrivateFrameworks/DataDetectorsCore.framework/Versions/A/DataDetectorsCore
0x000000000bf08000 	/System/Library/PrivateFrameworks/DesktopServicesPriv.framework/Versions/A/DesktopServicesPriv
0x000000000bf08000 	/System/Library/Frameworks/Carbon.framework/Versions/A/Frameworks/HIToolbox.framework/Versions/A/HIToolbox
0x000000000bf08000 	/System/Library/Frameworks/QuartzCore.framework/Versions/A/QuartzCore
0x000000000bf08000 	/System/Library/Frameworks/Carbon.framework/Versions/A/Frameworks/SpeechRecognition.framework/Versions/A/SpeechRecognition
0x000000000bf08000 	/usr/lib/libauto.dylib
0x000000000bf08000 	/usr/lib/libicucore.A.dylib
0x000000000bf08000 	/usr/lib/libxml2.2.dylib
0x000000000bf08000 	/System/Library/PrivateFrameworks/CoreUI.framework/Versions/A/CoreUI
0x000000000bf08000 	/System/Library/Frameworks/CoreAudio.framework/Versions/A/CoreAudio
0x000000000bf08000 	/System/Library/Frameworks/DiskArbitration.framework/Versions/A/DiskArbitration
0x000000000bf08000 	/usr/lib/liblangid.dylib
0x000000000bf08000 	/System/Library/PrivateFrameworks/MultitouchSupport.framework/Versions/A/MultitouchSupport
0x000000000bf08000 	/System/Library/Frameworks/IOKit.framework/Versions/A/IOKit
0x000000000bf08000 	/usr/lib/libDiagnosticMessagesClient.dylib
0x000000000bf08000 	/System/Library/Frameworks/CoreServices.framework/Versions/A/CoreServices
0x000000000bf08000 	/System/Library/PrivateFrameworks/PerformanceAnalysis.framework/Versions/A/PerformanceAnalysis
0x000000000bf08000 	/System/Library/PrivateFrameworks/GenerationalStorage.framework/Versions/A/GenerationalStorage
0x000000000bf08000 	/System/Library/Frameworks/OpenGL.framework/Versions/A/OpenGL
0x000000000bf08000 	/System/Library/PrivateFrameworks/Sharing.framework/Versions/A/Sharing
0x000000000bf08000 	/System/Library/Frameworks/CoreGraphics.framework/Versions/A/CoreGraphics
0x000000000bf08000 	/System/Library/Frameworks/CoreText.framework/Versions/A/CoreText
0x000000000bf08000 	/System/Library/Frameworks/ImageIO.framework/Versions/A/ImageIO
0x000000000bf08000 	/usr/lib/libextension.dylib
0x000000000bf08000 	/System/Library/PrivateFrameworks/Backup.framework/Versions/A/Backup
0x000000000bf08000 	/usr/lib/libarchive.2.dylib
0x000000000bf08000 	/System/Library/Frameworks/CFNetwork.framework/Versions/A/CFNetwork
0x000000000bf08000 	/System/Library/Frameworks/SystemConfiguration.framework/Versions/A/SystemConfiguration
0x000000000bf08000 	/usr/lib/libCRFSuite.dylib
0x000000000bf08000 	/usr/lib/libc++.1.dylib
0x000000000bf08000 	/usr/lib/libc++abi.dylib
0x000000000bf08000 	/usr/lib/system/libcache.dylib
0x000000000bf08000 	/usr/lib/system/libcommonCrypto.dylib
0x000000000bf08000 	/usr/lib/system/libcompiler_rt.dylib
0x000000000bf08000 	/usr/lib/system/libcopyfile.dylib
0x000000000bf08000 	/usr/lib/system/libcorecrypto.dylib
0x000000000bf08000 	/usr/lib/system/libdispatch.dylib
0x000000000bf08000 	/usr/lib/system/libdyld.dylib
0x000000000bf08000 	/usr/lib/system/libkeymgr.dylib
0x000000000bf08000 	/usr/lib/system/liblaunch.dylib
0x000000000bf08000 	/usr/lib/system/libmacho.dylib
0x000000000bf08000 	/usr/lib/system/libquarantine.dylib
0x000000000bf08000 	/usr/lib/system/libremovefile.dylib
0x000000000bf08000 	/usr/lib/system/libsystem_asl.dylib
0x000000000bf08000 	/usr/lib/system/libsystem_blocks.dylib
0x000000000bf08000 	/usr/lib/system/libsystem_c.dylib
0x000000000bf08000 	/usr/lib/system/libsystem_configuration.dylib
0x000000000bf08000 	/usr/lib/system/libsystem_coreservices.dylib
0x000000000bf08000 	/usr/lib/system/libsystem_coretls.dylib
0x000000000bf08000 	/usr/lib/system/libsystem_dnssd.dylib
0x000000000bf08000 	/usr/lib/system/libsystem_info.dylib
0x000000000bf08000 	/usr/lib/system/libsystem_kernel.dylib
0x000000000bf08000 	/usr/lib/system/libsystem_m.dylib
0x000000000bf08000 	/usr/lib/system/libsystem_malloc.dylib
0x000000000bf08000 	/usr/lib/system/libsystem_network.dylib
0x000000000bf08000 	/usr/lib/system/libsystem_networkextension.dylib
0x000000000bf08000 	/usr/lib/system/libsystem_notify.dylib
0x000000000bf08000 	/usr/lib/system/libsystem_platform.dylib
0x000000000bf08000 	/usr/lib/system/libsystem_pthread.dylib
0x000000000bf08000 	/usr/lib/system/libsystem_sandbox.dylib
0x000000000bf08000 	/usr/lib/system/libsystem_secinit.dylib
0x000000000bf08000 	/usr/lib/system/libsystem_stats.dylib
0x000000000bf08000 	/usr/lib/system/libsystem_trace.dylib
0x000000000bf08000 	/usr/lib/system/libunc.dylib
0x000000000bf08000 	/usr/lib/system/libunwind.dylib
0x000000000bf08000 	/usr/lib/system/libxpc.dylib
0x000000000bf08000 	/usr/lib/libbz2.1.0.dylib
0x000000000bf08000 	/usr/lib/liblzma.5.dylib
0x000000000bf08000 	/usr/lib/libbsm.0.dylib
0x000000000bf08000 	/usr/lib/libsqlite3.dylib
0x000000000bf08000 	/usr/lib/system/libkxld.dylib
0x000000000bf08000 	/usr/lib/libxar.1.dylib
0x000000000bf08000 	/usr/lib/libpam.2.dylib
0x000000000bf08000 	/usr/lib/libOpenScriptingUtil.dylib
0x000000000bf08000 	/System/Library/Frameworks/CoreServices.framework/Versions/A/Frameworks/FSEvents.framework/Versions/A/FSEvents
0x000000000bf08000 	/System/Library/Frameworks/CoreServices.framework/Versions/A/Frameworks/CarbonCore.framework/Versions/A/CarbonCore
0x000000000bf08000 	/System/Library/Frameworks/CoreServices.framework/Versions/A/Frameworks/Metadata.framework/Versions/A/Metadata
0x000000000bf08000 	/System/Library/Frameworks/CoreServices.framework/Versions/A/Frameworks/OSServices.framework/Versions/A/OSServices
0x000000000bf08000 	/System/Library/Frameworks/CoreServices.framework/Versions/A/Frameworks/SearchKit.framework/Versions/A/SearchKit
0x000000000bf08000 	/System/Library/Frameworks/CoreServices.framework/Versions/A/Frameworks/AE.framework/Versions/A/AE
0x000000000bf08000 	/System/Library/Frameworks/CoreServices.framework/Versions/A/Frameworks/LaunchServices.framework/Versions/A/LaunchServices
0x000000000bf08000 	/System/Library/Frameworks/CoreServices.framework/Versions/A/Frameworks/DictionaryServices.framework/Versions/A/DictionaryServices
0x000000000bf08000 	/System/Library/Frameworks/NetFS.framework/Versions/A/NetFS
0x000000000bf08000 	/System/Library/PrivateFrameworks/NetAuth.framework/Versions/A/NetAuth
0x000000000bf08000 	/System/Library/PrivateFrameworks/login.framework/Versions/A/Frameworks/loginsupport.framework/Versions/A/loginsupport
0x000000000bf08000 	/System/Library/PrivateFrameworks/TCC.framework/Versions/A/TCC
0x000000000bf08000 	/usr/lib/libmecabra.dylib
0x000000000bf08000 	/System/Library/Frameworks/ApplicationServices.framework/Versions/A/Frameworks/ATS.framework/Versions/A/ATS
0x000000000bf08000 	/System/Library/Frameworks/ApplicationServices.framework/Versions/A/Frameworks/ColorSync.framework/Versions/A/ColorSync
0x000000000bf08000 	/System/Library/Frameworks/ApplicationServices.framework/Versions/A/Frameworks/HIServices.framework/Versions/A/HIServices
0x000000000bf08000 	/System/Library/Frameworks/ApplicationServices.framework/Versions/A/Frameworks/LangAnalysis.framework/Versions/A/LangAnalysis
0x000000000bf08000 	/System/Library/Frameworks/ApplicationServices.framework/Versions/A/Frameworks/PrintCore.framework/Versions/A/PrintCore
0x000000000bf08000 	/System/Library/Frameworks/ApplicationServices.framework/Versions/A/Frameworks/QD.framework/Versions/A/QD
0x000000000bf08000 	/System/Library/Frameworks/ApplicationServices.framework/Versions/A/Frameworks/SpeechSynthesis.framework/Versions/A/SpeechSynthesis
0x000000000bf08000 	/System/Library/Frameworks/Accelerate.framework/Versions/A/Accelerate
0x000000000bf08000 	/System/Library/Frameworks/Accelerate.framework/Versions/A/Frameworks/vImage.framework/Versions/A/vImage
0x000000000bf08000 	/System/Library/Frameworks/Accelerate.framework/Versions/A/Frameworks/vecLib.framework/Versions/A/vecLib
0x000000000bf08000 	/System/Library/Frameworks/Accelerate.framework/Versions/A/Frameworks/vecLib.framework/Versions/A/libvDSP.dylib
0x000000000bf08000 	/System/Library/Frameworks/Accelerate.framework/Versions/A/Frameworks/vecLib.framework/Versions/A/libvMisc.dylib
0x000000000bf08000 	/System/Library/Frameworks/Accelerate.framework/Versions/A/Frameworks/vecLib.framework/Versions/A/libLAPACK.dylib
0x000000000bf08000 	/System/Library/Frameworks/Accelerate.framework/Versions/A/Frameworks/vecLib.framework/Versions/A/libBLAS.dylib
0x000000000bf08000 	/System/Library/Frameworks/Accelerate.framework/Versions/A/Frameworks/vecLib.framework/Versions/A/libLinearAlgebra.dylib
0x000000000bf08000 	/System/Library/Frameworks/ApplicationServices.framework/Versions/A/Frameworks/ATS.framework/Versions/A/Resources/libFontParser.dylib
0x000000000bf08000 	/System/Library/Frameworks/ApplicationServices.framework/Versions/A/Frameworks/ATS.framework/Versions/A/Resources/libFontRegistry.dylib
0x000000000bf08000 	/System/Library/PrivateFrameworks/AppleVPA.framework/Versions/A/AppleVPA
0x000000000bf08000 	/System/Library/PrivateFrameworks/AppleJPEG.framework/Versions/A/AppleJPEG
0x000000000bf08000 	/System/Library/Frameworks/ImageIO.framework/Versions/A/Resources/libJPEG.dylib
0x000000000bf08000 	/System/Library/Frameworks/ImageIO.framework/Versions/A/Resources/libTIFF.dylib
0x000000000bf08000 	/System/Library/Frameworks/ImageIO.framework/Versions/A/Resources/libPng.dylib
0x000000000bf08000 	/System/Library/Frameworks/ImageIO.framework/Versions/A/Resources/libGIF.dylib
0x000000000bf08000 	/System/Library/Frameworks/ImageIO.framework/Versions/A/Resources/libJP2.dylib
0x000000000bf08000 	/System/Library/Frameworks/ImageIO.framework/Versions/A/Resources/libRadiance.dylib
0x000000000bf08000 	/System/Library/Frameworks/CoreVideo.framework/Versions/A/CoreVideo
0x000000000bf08000 	/System/Library/Frameworks/OpenGL.framework/Versions/A/Libraries/libGLU.dylib
0x000000000bf08000 	/System/Library/Frameworks/OpenGL.framework/Versions/A/Libraries/libGFXShared.dylib
0x000000000bf08000 	/System/Library/Frameworks/OpenGL.framework/Versions/A/Libraries/libGL.dylib
0x000000000bf08000 	/System/Library/Frameworks/OpenGL.framework/Versions/A/Libraries/libGLImage.dylib
0x000000000bf08000 	/System/Library/Frameworks/OpenGL.framework/Versions/A/Libraries/libCVMSPluginSupport.dylib
0x000000000bf08000 	/System/Library/Frameworks/OpenGL.framework/Versions/A/Libraries/libCoreVMClient.dylib
0x000000000bf08000 	/usr/lib/libcups.2.dylib
0x000000000bf08000 	/System/Library/Frameworks/Kerberos.framework/Versions/A/Kerberos
0x000000000bf08000 	/System/Library/Frameworks/GSS.framework/Versions/A/GSS
0x000000000bf08000 	/usr/lib/libresolv.9.dylib
0x000000000bf08000 	/usr/lib/libiconv.2.dylib
0x000000000bf08000 	/System/Library/PrivateFrameworks/Heimdal.framework/Versions/A/Heimdal
0x000000000bf08000 	/usr/lib/libheimdal-asn1.dylib
0x000000000bf08000 	/System/Library/Frameworks/OpenDirectory.framework/Versions/A/OpenDirectory
0x000000000bf08000 	/System/Library/PrivateFrameworks/CommonAuth.framework/Versions/A/CommonAuth
0x000000000bf08000 	/System/Library/Frameworks/OpenDirectory.framework/Versions/A/Frameworks/CFOpenDirectory.framework/Versions/A/CFOpenDirectory
0x000000000bf08000 	/System/Library/Frameworks/SecurityFoundation.framework/Versions/A/SecurityFoundation
0x000000000bf08000 	/System/Library/PrivateFrameworks/LanguageModeling.framework/Versions/A/LanguageModeling
0x000000000bf08000 	/usr/lib/libcmph.dylib
0x000000000bf08000 	/System/Library/Frameworks/ServiceManagement.framework/Versions/A/ServiceManagement
0x000000000bf08000 	/usr/lib/libxslt.1.dylib
0x000000000bf08000 	/System/Library/Frameworks/Carbon.framework/Versions/A/Frameworks/Ink.framework/Versions/A/Ink
0x000000000bf08000 	/System/Library/Frameworks/QuartzCore.framework/Versions/A/Frameworks/CoreImage.framework/Versions/A/CoreImage
0x000000000bf08000 	/System/Library/PrivateFrameworks/CrashReporterSupport.framework/Versions/A/CrashReporterSupport
0x000000000bf08000 	/System/Library/Frameworks/OpenCL.framework/Versions/A/OpenCL
0x000000000bf08000 	/System/Library/PrivateFrameworks/FaceCore.framework/Versions/A/FaceCore
0x000000000bf08000 	/System/Library/PrivateFrameworks/Ubiquity.framework/Versions/A/Ubiquity
0x000000000bf08000 	/System/Library/PrivateFrameworks/IconServices.framework/Versions/A/IconServices
0x000000000bf08000 	/System/Library/PrivateFrameworks/ChunkingLibrary.framework/Versions/A/ChunkingLibrary
0x000000000bf08000 	/System/Library/PrivateFrameworks/Apple80211.framework/Versions/A/Apple80211
0x000000000bf08000 	/System/Library/Frameworks/CoreWLAN.framework/Versions/A/CoreWLAN
0x000000000bf08000 	/System/Library/Frameworks/IOBluetooth.framework/Versions/A/IOBluetooth
0x000000000bf08000 	/System/Library/PrivateFrameworks/CoreWiFi.framework/Versions/A/CoreWiFi
0x000000000bf08000 	/System/Library/Frameworks/CoreBluetooth.framework/Versions/A/CoreBluetooth
0x000000000bf08000 	/System/Library/PrivateFrameworks/DebugSymbols.framework/Versions/A/DebugSymbols
0x000000000bf08000 	/System/Library/PrivateFrameworks/CoreSymbolication.framework/Versions/A/CoreSymbolication
0x000000000bf08000 	/System/Library/PrivateFrameworks/Symbolication.framework/Versions/A/Symbolication
0x000000000bf08000 	/System/Library/PrivateFrameworks/SpeechRecognitionCore.framework/Versions/A/SpeechRecognitionCore
0x0000000105cdd000 	/Library/Java/JavaVirtualMachines/jdk1.7.0_51.jdk/Contents/Home/jre/lib/server/libjvm.dylib
0x000000000bf08000 	/usr/lib/libstdc++.6.dylib
0x0000000106747000 	/Library/Java/JavaVirtualMachines/jdk1.7.0_51.jdk/Contents/Home/jre/lib/libverify.dylib
0x0000000106754000 	/Library/Java/JavaVirtualMachines/jdk1.7.0_51.jdk/Contents/Home/jre/lib/libjava.dylib
0x0000000106785000 	/Library/Java/JavaVirtualMachines/jdk1.7.0_51.jdk/Contents/Home/jre/lib/libjdwp.dylib
0x00000001067c2000 	/Library/Java/JavaVirtualMachines/jdk1.7.0_51.jdk/Contents/Home/jre/lib/libnpt.dylib
0x00000001067cf000 	/Library/Java/JavaVirtualMachines/jdk1.7.0_51.jdk/Contents/Home/jre/lib/libzip.dylib
0x000000010e3f0000 	/System/Library/Frameworks/JavaVM.framework/Frameworks/JavaRuntimeSupport.framework/JavaRuntimeSupport
0x000000010e408000 	/System/Library/Frameworks/JavaVM.framework/Versions/A/Frameworks/JavaNativeFoundation.framework/Versions/A/JavaNativeFoundation
0x00000001067ef000 	/System/Library/Frameworks/JavaVM.framework/Versions/A/JavaVM
0x000000000bf08000 	/System/Library/Frameworks/Carbon.framework/Versions/A/Carbon
0x000000010e41d000 	/System/Library/PrivateFrameworks/JavaLaunching.framework/Versions/A/JavaLaunching
0x000000000bf08000 	/System/Library/Frameworks/Carbon.framework/Versions/A/Frameworks/CommonPanels.framework/Versions/A/CommonPanels
0x000000000bf08000 	/System/Library/Frameworks/Carbon.framework/Versions/A/Frameworks/Help.framework/Versions/A/Help
0x000000000bf08000 	/System/Library/Frameworks/Carbon.framework/Versions/A/Frameworks/ImageCapture.framework/Versions/A/ImageCapture
0x000000000bf08000 	/System/Library/Frameworks/Carbon.framework/Versions/A/Frameworks/OpenScripting.framework/Versions/A/OpenScripting
0x000000000bf08000 	/System/Library/Frameworks/Carbon.framework/Versions/A/Frameworks/Print.framework/Versions/A/Print
0x000000000bf08000 	/System/Library/Frameworks/Carbon.framework/Versions/A/Frameworks/SecurityHI.framework/Versions/A/SecurityHI
0x000000010e52f000 	/Library/Java/JavaVirtualMachines/jdk1.7.0_51.jdk/Contents/Home/jre/lib/libdt_socket.dylib

VM Arguments:
jvm_args: -agentlib:jdwp=transport=dt_socket,suspend=y,address=localhost:52491 -Dfile.encoding=UTF-8 
java_command: removespaces.Solution
Launcher Type: SUN_STANDARD

Environment Variables:
PATH=/usr/bin:/bin:/usr/sbin:/sbin
SHELL=/bin/bash
DISPLAY=/private/tmp/com.apple.launchd.3iORj0KIfI/org.macosforge.xquartz:0

Signal Handlers:
SIGSEGV: [libjvm.dylib+0x525425], sa_mask[0]=0xfffefeff, sa_flags=0x00000043
SIGBUS: [libjvm.dylib+0x525425], sa_mask[0]=0xfffefeff, sa_flags=0x00000042
SIGFPE: [libjvm.dylib+0x41892a], sa_mask[0]=0xfffefeff, sa_flags=0x00000042
SIGPIPE: [libjvm.dylib+0x41892a], sa_mask[0]=0xfffefeff, sa_flags=0x00000042
SIGXFSZ: [libjvm.dylib+0x41892a], sa_mask[0]=0xfffefeff, sa_flags=0x00000042
SIGILL: [libjvm.dylib+0x41892a], sa_mask[0]=0xfffefeff, sa_flags=0x00000042
SIGUSR1: SIG_DFL, sa_mask[0]=0x00000000, sa_flags=0x00000000
SIGUSR2: [libjvm.dylib+0x41841c], sa_mask[0]=0x00000004, sa_flags=0x00000042
SIGHUP: [libjvm.dylib+0x4166ab], sa_mask[0]=0xfffefeff, sa_flags=0x00000042
SIGINT: [libjvm.dylib+0x4166ab], sa_mask[0]=0xfffefeff, sa_flags=0x00000042
SIGTERM: [libjvm.dylib+0x4166ab], sa_mask[0]=0xfffefeff, sa_flags=0x00000042
SIGQUIT: [libjvm.dylib+0x4166ab], sa_mask[0]=0xfffefeff, sa_flags=0x00000042


---------------  S Y S T E M  ---------------

OS:Bsduname:Darwin 14.5.0 Darwin Kernel Version 14.5.0: Wed Jul 29 02:26:53 PDT 2015; root:xnu-2782.40.9~1/RELEASE_X86_64 x86_64
rlimit: STACK 8192k, CORE 0k, NPROC 709, NOFILE 10240, AS infinity
load average:1.57 1.56 1.48

CPU:total 4 (2 cores per cpu, 2 threads per core) family 6 model 42 stepping 7, cmov, cx8, fxsr, mmx, sse, sse2, sse3, ssse3, sse4.1, sse4.2, popcnt, avx, aes, ht, tsc, tscinvbit

Memory: 4k page, physical 4194304k(1048576k free)

/proc/meminfo:


vm_info: Java HotSpot(TM) 64-Bit Server VM (24.51-b03) for bsd-amd64 JRE (1.7.0_51-b13), built on Dec 18 2013 18:45:56 by "java_re" with gcc 4.2.1 (Based on Apple Inc. build 5658) (LLVM build 2336.11.00)

time: Tue Sep  1 11:38:05 2015
elapsed time: 63 seconds

